#
# There is insufficient memory for the Java Runtime Environment to continue.
# Native memory allocation (malloc) failed to allocate 1048576 bytes. Error detail: AllocateHeap
# Possible reasons:
#   The system is out of physical RAM or swap space
#   This process is running with CompressedOops enabled, and the Java Heap may be blocking the growth of the native heap
# Possible solutions:
#   Reduce memory load on the system
#   Increase physical memory or swap space
#   Check if swap backing store is full
#   Decrease Java heap size (-Xmx/-Xms)
#   Decrease number of Java threads
#   Decrease Java thread stack sizes (-Xss)
#   Set larger code cache with -XX:ReservedCodeCacheSize=
#   JVM is running with Unscaled Compressed Oops mode in which the Java heap is
#     placed in the first 4GB address space. The Java Heap base address is the
#     maximum limit for the native heap growth. Please use -XX:HeapBaseMinAddress
#     to set the Java Heap base and to place the Java Heap above 4GB virtual address.
# This output file may be truncated or incomplete.
#
#  Out of Memory Error (allocation.cpp:44), pid=19012, tid=2320
#
# JRE version:  (21.0.8+9) (build )
# Java VM: OpenJDK 64-Bit Server VM (21.0.8+9-LTS, mixed mode, tiered, compressed oops, compressed class ptrs, parallel gc, windows-amd64)
# No core dump will be written. Minidumps are not enabled by default on client versions of Windows
#

---------------  S U M M A R Y ------------

Command Line: --add-modules=ALL-SYSTEM --add-opens=java.base/java.util=ALL-UNNAMED --add-opens=java.base/java.lang=ALL-UNNAMED --add-opens=java.base/sun.nio.fs=ALL-UNNAMED -Declipse.application=org.eclipse.jdt.ls.core.id1 -Dosgi.bundles.defaultStartLevel=4 -Declipse.product=org.eclipse.jdt.ls.core.product -Djava.import.generatesMetadataFilesAtProjectRoot=false -DDetectVMInstallationsJob.disabled=true -Dfile.encoding=utf8 -XX:+UseParallelGC -XX:GCTimeRatio=4 -XX:AdaptiveSizePolicyWeight=90 -Dsun.zip.disableMemoryMapping=true -Xmx2G -Xms100m -Xlog:disable -javaagent:c:\Users\TANISHQ\.vscode\extensions\redhat.java-1.45.0-win32-x64\lombok\lombok-1.18.39-4050.jar c:\Users\TANISHQ\.vscode\extensions\redhat.java-1.45.0-win32-x64\server\plugins\org.eclipse.equinox.launcher_1.7.0.v20250519-0528.jar -configuration c:\Users\TANISHQ\AppData\Roaming\Code\User\globalStorage\redhat.java\1.45.0\config_ss_win -data c:\Users\TANISHQ\AppData\Roaming\Code\User\workspaceStorage\b7ec209eefda7270fbff9b44e1abe42e\redhat.java\ss_ws --pipe=\\.\pipe\lsp-3cda11243e2007700bb564476c78b200-sock

Host: AMD Ryzen 5 5500U with Radeon Graphics         , 12 cores, 7G,  Windows 11 , 64 bit Build 26100 (10.0.26100.4484)
Time: Fri Sep 26 18:45:39 2025 India Standard Time elapsed time: 2.171757 seconds (0d 0h 0m 2s)

---------------  T H R E A D  ---------------

Current thread (0x00000295acb94fc0):  JavaThread "Unknown thread" [_thread_in_vm, id=2320, stack(0x000000e93be00000,0x000000e93bf00000) (1024K)]

Stack: [0x000000e93be00000,0x000000e93bf00000]
Native frames: (J=compiled Java code, j=interpreted, Vv=VM code, C=native code)
V  [jvm.dll+0x6d2449]
V  [jvm.dll+0x8ae341]
V  [jvm.dll+0x8b08be]
V  [jvm.dll+0x8b0fa3]
V  [jvm.dll+0x280c96]
V  [jvm.dll+0xc0347]
V  [jvm.dll+0x706372]
V  [jvm.dll+0x7070ac]
V  [jvm.dll+0x6e0f43]
V  [jvm.dll+0x877c7c]
V  [jvm.dll+0x3becec]
V  [jvm.dll+0x8606d8]
V  [jvm.dll+0x4530ee]
V  [jvm.dll+0x454d31]
C  [jli.dll+0x5278]
C  [ucrtbase.dll+0x37b0]
C  [KERNEL32.DLL+0x2e8d7]
C  [ntdll.dll+0x3c34c]


---------------  P R O C E S S  ---------------

Threads class SMR info:
_java_thread_list=0x00000295acbfe5e0, length=1, elements={
0x00000295acb94fc0
}

Java Threads: ( => current thread )
=>0x00000295acb94fc0 JavaThread "Unknown thread"             [_thread_in_vm, id=2320, stack(0x000000e93be00000,0x000000e93bf00000) (1024K)]
Total: 1

Other Threads:
  0x00000295acbff0f0 WatcherThread "VM Periodic Task Thread"        [id=14188, stack(0x000000e93c000000,0x000000e93c100000) (1024K)]
  0x00000295acbb38f0 WorkerThread "GC Thread#0"                     [id=14288, stack(0x000000e93bf00000,0x000000e93c000000) (1024K)]
Total: 2

Threads with active compile tasks:
Total: 0

VM state: not at safepoint (normal execution)

VM Mutex/Monitor currently owned by a thread: None

Heap address: 0x0000000080000000, size: 2048 MB, Compressed Oops mode: 32-bit

CDS archive(s) not mapped
Compressed class space mapped at: 0x0000000100000000-0x0000000140000000, reserved size: 1073741824
Narrow klass base: 0x0000000000000000, Narrow klass shift: 3, Narrow klass range: 0x140000000

GC Precious Log:
 CardTable entry size: 512
 CPUs: 12 total, 12 available
 Memory: 7501M
 Large Page Support: Disabled
 NUMA Support: Disabled
 Compressed Oops: Enabled (32-bit)
 Alignments: Space 512K, Generation 512K, Heap 2M
 Heap Min Capacity: 100M
 Heap Initial Capacity: 100M
 Heap Max Capacity: 2G
 Pre-touch: Disabled
 Parallel Workers: 10

Heap:
 PSYoungGen      total 29696K, used 512K [0x00000000d5580000, 0x00000000d7680000, 0x0000000100000000)
  eden space 25600K, 2% used [0x00000000d5580000,0x00000000d5600070,0x00000000d6e80000)
  from space 4096K, 0% used [0x00000000d7280000,0x00000000d7280000,0x00000000d7680000)
  to   space 4096K, 0% used [0x00000000d6e80000,0x00000000d6e80000,0x00000000d7280000)
 ParOldGen       total 68608K, used 0K [0x0000000080000000, 0x0000000084300000, 0x00000000d5580000)
  object space 68608K, 0% used [0x0000000080000000,0x0000000080000000,0x0000000084300000)
 Metaspace       used 1396K, committed 1472K, reserved 1114112K
  class space    used 112K, committed 128K, reserved 1048576K

Card table byte_map: [0x00000295ac510000,0x00000295ac920000] _byte_map_base: 0x00000295ac110000

Marking Bits: (ParMarkBitMap*) 0x00007ffe3ecca340
 Begin Bits: [0x00000295bf010000, 0x00000295c1010000)
 End Bits:   [0x00000295c1010000, 0x00000295c3010000)

Polling page: 0x00000295aaa30000

Metaspace:

Usage:
  Non-class:      1.25 MB used.
      Class:    112.47 KB used.
       Both:      1.36 MB used.

Virtual space:
  Non-class space:       64.00 MB reserved,       1.31 MB (  2%) committed,  1 nodes.
      Class space:        1.00 GB reserved,     128.00 KB ( <1%) committed,  1 nodes.
             Both:        1.06 GB reserved,       1.44 MB ( <1%) committed. 

Chunk freelists:
   Non-Class:  12.00 MB
       Class:  15.75 MB
        Both:  27.75 MB

MaxMetaspaceSize: unlimited
CompressedClassSpaceSize: 1.00 GB
Initial GC threshold: 21.00 MB
Current GC threshold: 17179869184.00 GB
CDS: off
 - commit_granule_bytes: 65536.
 - commit_granule_words: 8192.
 - virtual_space_node_default_size: 8388608.
 - enlarge_chunks_in_place: 1.
 - use_allocation_guard: 0.


Internal statistics:

num_allocs_failed_limit: 0.
num_arena_births: 2.
num_arena_deaths: 0.
num_vsnodes_births: 2.
num_vsnodes_deaths: 0.
num_space_committed: 23.
num_space_uncommitted: 0.
num_chunks_returned_to_freelist: 0.
num_chunks_taken_from_freelist: 3.
num_chunk_merges: 0.
num_chunk_splits: 2.
num_chunks_enlarged: 0.
num_inconsistent_stats: 0.

CodeHeap 'non-profiled nmethods': size=120000Kb used=0Kb max_used=0Kb free=120000Kb
 bounds [0x00000295b7830000, 0x00000295b7aa0000, 0x00000295bed60000]
CodeHeap 'profiled nmethods': size=120000Kb used=0Kb max_used=0Kb free=120000Kb
 bounds [0x00000295afd60000, 0x00000295affd0000, 0x00000295b7290000]
CodeHeap 'non-nmethods': size=5760Kb used=194Kb max_used=342Kb free=5565Kb
 bounds [0x00000295b7290000, 0x00000295b7500000, 0x00000295b7830000]
CodeCache: size=245760Kb, used=194Kb, max_used=342Kb, free=245565Kb
 total_blobs=70, nmethods=0, adapters=48, full_count=0
Compilation: enabled, stopped_count=0, restarted_count=0

Compilation events (0 events):
No events

GC Heap History (0 events):
No events

Dll operation events (2 events):
Event: 0.043 Loaded shared library c:\Users\TANISHQ\.vscode\extensions\redhat.java-1.45.0-win32-x64\jre\21.0.8-win32-x86_64\bin\java.dll
Event: 1.103 Loaded shared library c:\Users\TANISHQ\.vscode\extensions\redhat.java-1.45.0-win32-x64\jre\21.0.8-win32-x86_64\bin\zip.dll

Deoptimization events (0 events):
No events

Classes loaded (20 events):
Event: 1.152 Loading class java/util/Iterator
Event: 1.152 Loading class java/util/Iterator done
Event: 1.152 Loading class java/lang/reflect/RecordComponent
Event: 1.152 Loading class java/lang/reflect/RecordComponent done
Event: 1.152 Loading class jdk/internal/vm/vector/VectorSupport
Event: 1.152 Loading class jdk/internal/vm/vector/VectorSupport done
Event: 1.152 Loading class jdk/internal/vm/vector/VectorSupport$VectorPayload
Event: 1.152 Loading class jdk/internal/vm/vector/VectorSupport$VectorPayload done
Event: 1.152 Loading class jdk/internal/vm/vector/VectorSupport$Vector
Event: 1.152 Loading class jdk/internal/vm/vector/VectorSupport$Vector done
Event: 1.153 Loading class jdk/internal/vm/vector/VectorSupport$VectorMask
Event: 1.153 Loading class jdk/internal/vm/vector/VectorSupport$VectorMask done
Event: 1.153 Loading class jdk/internal/vm/vector/VectorSupport$VectorShuffle
Event: 1.153 Loading class jdk/internal/vm/vector/VectorSupport$VectorShuffle done
Event: 1.153 Loading class jdk/internal/vm/FillerObject
Event: 1.153 Loading class jdk/internal/vm/FillerObject done
Event: 1.160 Loading class java/lang/NullPointerException
Event: 1.160 Loading class java/lang/NullPointerException done
Event: 1.160 Loading class java/lang/ArithmeticException
Event: 1.160 Loading class java/lang/ArithmeticException done

Classes unloaded (0 events):
No events

Classes redefined (0 events):
No events

Internal exceptions (0 events):
No events

ZGC Phase Switch (0 events):
No events

VM Operations (0 events):
No events

Memory protections (0 events):
No events

Nmethod flushes (0 events):
No events

Events (1 events):
Event: 1.096 Thread 0x00000295acb94fc0 Thread added: 0x00000295acb94fc0


Dynamic libraries:
0x00007ff688980000 - 0x00007ff68898e000 	c:\Users\TANISHQ\.vscode\extensions\redhat.java-1.45.0-win32-x64\jre\21.0.8-win32-x86_64\bin\java.exe
0x00007ffeb6360000 - 0x00007ffeb65c8000 	C:\WINDOWS\SYSTEM32\ntdll.dll
0x00007ffeb5ae0000 - 0x00007ffeb5ba9000 	C:\WINDOWS\System32\KERNEL32.DLL
0x00007ffeb3c70000 - 0x00007ffeb405d000 	C:\WINDOWS\System32\KERNELBASE.dll
0x00007ffeb36f0000 - 0x00007ffeb383b000 	C:\WINDOWS\System32\ucrtbase.dll
0x00007ffe9e370000 - 0x00007ffe9e388000 	c:\Users\TANISHQ\.vscode\extensions\redhat.java-1.45.0-win32-x64\jre\21.0.8-win32-x86_64\bin\jli.dll
0x00007ffe8b480000 - 0x00007ffe8b49e000 	c:\Users\TANISHQ\.vscode\extensions\redhat.java-1.45.0-win32-x64\jre\21.0.8-win32-x86_64\bin\VCRUNTIME140.dll
0x00007ffeb5dc0000 - 0x00007ffeb5f8c000 	C:\WINDOWS\System32\USER32.dll
0x00007ffeb3c40000 - 0x00007ffeb3c67000 	C:\WINDOWS\System32\win32u.dll
0x00007ffeb4800000 - 0x00007ffeb482b000 	C:\WINDOWS\System32\GDI32.dll
0x00007ffeb3b00000 - 0x00007ffeb3c37000 	C:\WINDOWS\System32\gdi32full.dll
0x00007ffeb38d0000 - 0x00007ffeb3973000 	C:\WINDOWS\System32\msvcp_win.dll
0x00007ffe9c820000 - 0x00007ffe9caba000 	C:\WINDOWS\WinSxS\amd64_microsoft.windows.common-controls_6595b64144ccf1df_6.0.26100.4484_none_3e0e6d4ce32ef3b3\COMCTL32.dll
0x00007ffeb4ca0000 - 0x00007ffeb4d49000 	C:\WINDOWS\System32\msvcrt.dll
0x00007ffeb4500000 - 0x00007ffeb452f000 	C:\WINDOWS\System32\IMM32.DLL
0x00000000673e0000 - 0x00000000673ec000 	C:\Program Files (x86)\360\Total Security\safemon\SafeWrapper.dll
0x00007ffeb4440000 - 0x00007ffeb44f4000 	C:\WINDOWS\System32\ADVAPI32.dll
0x00007ffeb4bf0000 - 0x00007ffeb4c96000 	C:\WINDOWS\System32\sechost.dll
0x00007ffeb45d0000 - 0x00007ffeb46e8000 	C:\WINDOWS\System32\RPCRT4.dll
0x00007ffe6fc30000 - 0x00007ffe6fcdc000 	C:\Program Files (x86)\360\Total Security\safemon\libzdtp64.dll
0x00007ffeb5310000 - 0x00007ffeb5a5a000 	C:\WINDOWS\System32\SHELL32.dll
0x00007ffeb3570000 - 0x00007ffeb36e4000 	C:\WINDOWS\System32\wintypes.dll
0x00007ffeb5f90000 - 0x00007ffeb6316000 	C:\WINDOWS\System32\combase.dll
0x00007ffeb4160000 - 0x00007ffeb41ca000 	C:\WINDOWS\System32\SHLWAPI.dll
0x00007ffeb2f90000 - 0x00007ffeb2f9b000 	C:\WINDOWS\SYSTEM32\VERSION.dll
0x00007ffe9e600000 - 0x00007ffe9e60c000 	c:\Users\TANISHQ\.vscode\extensions\redhat.java-1.45.0-win32-x64\jre\21.0.8-win32-x86_64\bin\vcruntime140_1.dll
0x00007ffe6fba0000 - 0x00007ffe6fc2d000 	c:\Users\TANISHQ\.vscode\extensions\redhat.java-1.45.0-win32-x64\jre\21.0.8-win32-x86_64\bin\msvcp140.dll
0x00007ffe3e010000 - 0x00007ffe3eda7000 	c:\Users\TANISHQ\.vscode\extensions\redhat.java-1.45.0-win32-x64\jre\21.0.8-win32-x86_64\bin\server\jvm.dll
0x00007ffeb4d50000 - 0x00007ffeb4dc4000 	C:\WINDOWS\System32\WS2_32.dll
0x00007ffeb3300000 - 0x00007ffeb335e000 	C:\WINDOWS\SYSTEM32\POWRPROF.dll
0x00007ffeace80000 - 0x00007ffeaceb5000 	C:\WINDOWS\SYSTEM32\WINMM.dll
0x00007ffeb32e0000 - 0x00007ffeb32f4000 	C:\WINDOWS\SYSTEM32\UMPDC.dll
0x00007ffeb21f0000 - 0x00007ffeb220b000 	C:\WINDOWS\SYSTEM32\kernel.appcore.dll
0x00007ffe9e360000 - 0x00007ffe9e36a000 	c:\Users\TANISHQ\.vscode\extensions\redhat.java-1.45.0-win32-x64\jre\21.0.8-win32-x86_64\bin\jimage.dll
0x00007ffea7340000 - 0x00007ffea7581000 	C:\WINDOWS\SYSTEM32\DBGHELP.DLL
0x00007ffeb42d0000 - 0x00007ffeb43b0000 	C:\WINDOWS\System32\OLEAUT32.dll
0x00007ffe9bb30000 - 0x00007ffe9bb73000 	C:\WINDOWS\SYSTEM32\dbgcore.DLL
0x00007ffeb4060000 - 0x00007ffeb40f9000 	C:\WINDOWS\System32\bcryptPrimitives.dll
0x00007ffe9d4c0000 - 0x00007ffe9d4cf000 	c:\Users\TANISHQ\.vscode\extensions\redhat.java-1.45.0-win32-x64\jre\21.0.8-win32-x86_64\bin\instrument.dll
0x00007ffe8b460000 - 0x00007ffe8b47f000 	c:\Users\TANISHQ\.vscode\extensions\redhat.java-1.45.0-win32-x64\jre\21.0.8-win32-x86_64\bin\java.dll
0x00007ffe7e740000 - 0x00007ffe7e758000 	c:\Users\TANISHQ\.vscode\extensions\redhat.java-1.45.0-win32-x64\jre\21.0.8-win32-x86_64\bin\zip.dll

JVMTI agents:
c:\Users\TANISHQ\.vscode\extensions\redhat.java-1.45.0-win32-x64\lombok\lombok-1.18.39-4050.jar path:none, loaded, not initialized, instrumentlib options:none

dbghelp: loaded successfully - version: 4.0.5 - missing functions: none
symbol engine: initialized successfully - sym options: 0x614 - pdb path: .;c:\Users\TANISHQ\.vscode\extensions\redhat.java-1.45.0-win32-x64\jre\21.0.8-win32-x86_64\bin;C:\WINDOWS\SYSTEM32;C:\WINDOWS\WinSxS\amd64_microsoft.windows.common-controls_6595b64144ccf1df_6.0.26100.4484_none_3e0e6d4ce32ef3b3;C:\Program Files (x86)\360\Total Security\safemon;c:\Users\TANISHQ\.vscode\extensions\redhat.java-1.45.0-win32-x64\jre\21.0.8-win32-x86_64\bin\server

VM Arguments:
jvm_args: --add-modules=ALL-SYSTEM --add-opens=java.base/java.util=ALL-UNNAMED --add-opens=java.base/java.lang=ALL-UNNAMED --add-opens=java.base/sun.nio.fs=ALL-UNNAMED -Declipse.application=org.eclipse.jdt.ls.core.id1 -Dosgi.bundles.defaultStartLevel=4 -Declipse.product=org.eclipse.jdt.ls.core.product -Djava.import.generatesMetadataFilesAtProjectRoot=false -DDetectVMInstallationsJob.disabled=true -Dfile.encoding=utf8 -XX:+UseParallelGC -XX:GCTimeRatio=4 -XX:AdaptiveSizePolicyWeight=90 -Dsun.zip.disableMemoryMapping=true -Xmx2G -Xms100m -Xlog:disable -javaagent:c:\Users\TANISHQ\.vscode\extensions\redhat.java-1.45.0-win32-x64\lombok\lombok-1.18.39-4050.jar 
java_command: c:\Users\TANISHQ\.vscode\extensions\redhat.java-1.45.0-win32-x64\server\plugins\org.eclipse.equinox.launcher_1.7.0.v20250519-0528.jar -configuration c:\Users\TANISHQ\AppData\Roaming\Code\User\globalStorage\redhat.java\1.45.0\config_ss_win -data c:\Users\TANISHQ\AppData\Roaming\Code\User\workspaceStorage\b7ec209eefda7270fbff9b44e1abe42e\redhat.java\ss_ws --pipe=\\.\pipe\lsp-3cda11243e2007700bb564476c78b200-sock
java_class_path (initial): c:\Users\TANISHQ\.vscode\extensions\redhat.java-1.45.0-win32-x64\server\plugins\org.eclipse.equinox.launcher_1.7.0.v20250519-0528.jar
Launcher Type: SUN_STANDARD

[Global flags]
    uintx AdaptiveSizePolicyWeight                 = 90                                        {product} {command line}
     intx CICompilerCount                          = 4                                         {product} {ergonomic}
    uintx GCTimeRatio                              = 4                                         {product} {command line}
   size_t InitialHeapSize                          = 104857600                                 {product} {command line}
   size_t MaxHeapSize                              = 2147483648                                {product} {command line}
   size_t MaxNewSize                               = 715653120                                 {product} {ergonomic}
   size_t MinHeapDeltaBytes                        = 524288                                    {product} {ergonomic}
   size_t MinHeapSize                              = 104857600                                 {product} {command line}
   size_t NewSize                                  = 34603008                                  {product} {ergonomic}
    uintx NonNMethodCodeHeapSize                   = 5839372                                {pd product} {ergonomic}
    uintx NonProfiledCodeHeapSize                  = 122909434                              {pd product} {ergonomic}
   size_t OldSize                                  = 70254592                                  {product} {ergonomic}
    uintx ProfiledCodeHeapSize                     = 122909434                              {pd product} {ergonomic}
    uintx ReservedCodeCacheSize                    = 251658240                              {pd product} {ergonomic}
     bool SegmentedCodeCache                       = true                                      {product} {ergonomic}
   size_t SoftMaxHeapSize                          = 2147483648                             {manageable} {ergonomic}
     bool UseCompressedOops                        = true                           {product lp64_product} {ergonomic}
     bool UseLargePagesIndividualAllocation        = false                                  {pd product} {ergonomic}
     bool UseParallelGC                            = true                                      {product} {command line}

Logging:
Log output configuration:
 #0: stdout all=off uptime,level,tags foldmultilines=false
 #1: stderr all=off uptime,level,tags foldmultilines=false

Environment Variables:
PATH=C:\Program Files\Common Files\Oracle\Java\javapath;"C:\MinGW\bin;C:\Program Files (x86)\Common Files\Oracle\Java\java8path";C:\windows\system32;C:\windows;C:\windows\System32\Wbem;C:\windows\System32\WindowsPowerShell\v1.0\;C:\windows\System32\OpenSSH\;C:\Program Files\HP\HP One Agent;C:\Program Files\Microsoft SQL Server\Client SDK\ODBC\170\Tools\Binn\;C:\Program Files (x86)\Microsoft SQL Server\150\Tools\Binn\;C:\Program Files\Microsoft SQL Server\150\Tools\Binn\;C:\Program Files\Microsoft SQL Server\150\DTS\Binn\;C:\WINDOWS\system32;C:\WINDOWS;C:\WINDOWS\System32\Wbem;C:\WINDOWS\System32\WindowsPowerShell\v1.0\;C:\WINDOWS\System32\OpenSSH\;C:\Program Files\Java\jdk-23\bin;C:\Program Files\Java\jdk-23\bin;C:\Program Files\Git\cmd;C:\Program Files\Git\mingw64\bin;C:\Program Files\Git\usr\bin;C:\Program Files\MongoDB\Server\8.0\bin;C:\Program Files (x86)\Java\jre1.8.0_431\bin;C:\Program Files\Java\jdk-24\bin;C:\Program Files\nodejs\;C:\Program Files\cursor\resources\app\bin;C:\Program Files\MySQL\MySQL Shell 8.0\bin\;C:\Users\TANISHQ\AppData\Local\Programs\Python\Python313\Scripts\;C:\Users\TANISHQ\AppData\Local\Programs\Python\Python313\;C:\Users\TANISHQ\AppData\Local\Microsoft\WindowsApps;C:\Users\TANISHQ\AppData\Local\Programs\Microsoft VS Code\bin;C:\Users\TANISHQ\AppData\Local\GitHubDesktop\bin;C:\Users\TANISHQ\AppData\Roaming\npm;C:\Users\TANISHQ\AppData\Local\Programs\mongosh\
USERNAME=TANISHQ
OS=Windows_NT
PROCESSOR_IDENTIFIER=AMD64 Family 23 Model 104 Stepping 1, AuthenticAMD
TMP=C:\Users\TANISHQ\AppData\Local\Temp
TEMP=C:\Users\TANISHQ\AppData\Local\Temp




Periodic native trim disabled

---------------  S Y S T E M  ---------------

OS:
 Windows 11 , 64 bit Build 26100 (10.0.26100.4484)
OS uptime: 0 days 8:59 hours
Hyper-V role detected

CPU: total 12 (initial active 12) (12 cores per cpu, 2 threads per core) family 23 model 104 stepping 1 microcode 0x8608108, cx8, cmov, fxsr, ht, mmx, 3dnowpref, sse, sse2, sse3, ssse3, sse4a, sse4.1, sse4.2, popcnt, lzcnt, tsc, tscinvbit, avx, avx2, aes, clmul, bmi1, bmi2, adx, sha, fma, vzeroupper, clflush, clflushopt, hv, rdtscp, rdpid, f16c
Processor Information for processor 0
  Max Mhz: 2100, Current Mhz: 1813, Mhz Limit: 2100
Processor Information for processor 1
  Max Mhz: 2100, Current Mhz: 1813, Mhz Limit: 2100
Processor Information for processor 2
  Max Mhz: 2100, Current Mhz: 1813, Mhz Limit: 2100
Processor Information for processor 3
  Max Mhz: 2100, Current Mhz: 1813, Mhz Limit: 2100
Processor Information for processor 4
  Max Mhz: 2100, Current Mhz: 1813, Mhz Limit: 2100
Processor Information for processor 5
  Max Mhz: 2100, Current Mhz: 1813, Mhz Limit: 2100
Processor Information for processor 6
  Max Mhz: 2100, Current Mhz: 2100, Mhz Limit: 2100
Processor Information for processor 7
  Max Mhz: 2100, Current Mhz: 1813, Mhz Limit: 2100
Processor Information for processor 8
  Max Mhz: 2100, Current Mhz: 1813, Mhz Limit: 2100
Processor Information for processor 9
  Max Mhz: 2100, Current Mhz: 2100, Mhz Limit: 2100
Processor Information for processor 10
  Max Mhz: 2100, Current Mhz: 2100, Mhz Limit: 2100
Processor Information for processor 11
  Max Mhz: 2100, Current Mhz: 1813, Mhz Limit: 2100

Memory: 4k page, system-wide physical 7501M (837M free)
TotalPageFile size 11597M (AvailPageFile size 7M)
current process WorkingSet (physical memory assigned to process): 20M, peak: 20M
current process commit charge ("private bytes"): 183M, peak: 192M

vm_info: OpenJDK 64-Bit Server VM (21.0.8+9-LTS) for windows-amd64 JRE (21.0.8+9-LTS), built on 2025-07-15T00:00:00Z by "admin" with MS VC++ 17.7 (VS2022)

END.
